{"contracts/Tool.sol":{"l":{"20":1,"24":2,"28":1,"32":12,"33":12,"36":11,"38":11,"40":10,"41":10,"44":10,"48":10,"53":10,"61":10,"62":0,"64":10,"65":10,"66":10,"67":10,"68":10,"70":10,"71":10,"72":10,"73":10,"74":10,"76":10,"82":1,"90":0,"96":1,"103":10},"path":"/home/mb/Documents/code/tool-work/contracts/Tool.sol","s":{"1":1,"2":2,"3":1,"4":12,"5":12,"6":11,"7":11,"8":10,"9":10,"10":10,"11":10,"12":0,"13":10,"14":10,"15":10,"16":10,"17":10,"18":10,"19":10,"20":10,"21":10,"22":10,"23":1,"24":0,"25":1,"26":10},"b":{"1":[11,1],"2":[11,0],"3":[0,10]},"f":{"1":15,"2":1,"3":2,"4":1,"5":12,"6":10,"7":10,"8":1,"9":0,"10":1,"11":10},"fnMap":{"1":{"name":"constructor","line":14,"loc":{"start":{"line":14,"column":4},"end":{"line":14,"column":42}}},"2":{"name":"_baseURI","line":19,"loc":{"start":{"line":19,"column":4},"end":{"line":21,"column":4}}},"3":{"name":"pause","line":23,"loc":{"start":{"line":23,"column":4},"end":{"line":25,"column":4}}},"4":{"name":"unpause","line":27,"loc":{"start":{"line":27,"column":4},"end":{"line":29,"column":4}}},"5":{"name":"publicMint","line":31,"loc":{"start":{"line":31,"column":4},"end":{"line":45,"column":4}}},"6":{"name":"setFullURI","line":47,"loc":{"start":{"line":47,"column":4},"end":{"line":54,"column":4}}},"7":{"name":"uint2str","line":60,"loc":{"start":{"line":60,"column":4},"end":{"line":77,"column":4}}},"8":{"name":"getNumMintedTokens","line":81,"loc":{"start":{"line":81,"column":4},"end":{"line":83,"column":4}}},"9":{"name":"_burn","line":87,"loc":{"start":{"line":87,"column":4},"end":{"line":91,"column":4}}},"10":{"name":"tokenURI","line":93,"loc":{"start":{"line":93,"column":4},"end":{"line":97,"column":4}}},"11":{"name":"_beforeTokenTransfer","line":101,"loc":{"start":{"line":99,"column":4},"end":{"line":104,"column":4}}}},"statementMap":{"1":{"start":{"line":20,"column":8},"end":{"line":20,"column":71}},"2":{"start":{"line":24,"column":8},"end":{"line":24,"column":15}},"3":{"start":{"line":28,"column":8},"end":{"line":28,"column":17}},"4":{"start":{"line":32,"column":8},"end":{"line":32,"column":42}},"5":{"start":{"line":33,"column":8},"end":{"line":33,"column":1078}},"6":{"start":{"line":36,"column":8},"end":{"line":36,"column":73}},"7":{"start":{"line":38,"column":8},"end":{"line":38,"column":31}},"8":{"start":{"line":44,"column":8},"end":{"line":44,"column":32}},"9":{"start":{"line":48,"column":8},"end":{"line":48,"column":1441}},"10":{"start":{"line":53,"column":8},"end":{"line":53,"column":36}},"11":{"start":{"line":61,"column":8},"end":{"line":61,"column":1838}},"12":{"start":{"line":62,"column":12},"end":{"line":62,"column":22}},"13":{"start":{"line":64,"column":8},"end":{"line":64,"column":21}},"14":{"start":{"line":65,"column":8},"end":{"line":65,"column":16}},"15":{"start":{"line":66,"column":8},"end":{"line":66,"column":1938}},"16":{"start":{"line":68,"column":12},"end":{"line":68,"column":18}},"17":{"start":{"line":70,"column":8},"end":{"line":70,"column":42}},"18":{"start":{"line":71,"column":8},"end":{"line":71,"column":24}},"19":{"start":{"line":72,"column":8},"end":{"line":72,"column":2083}},"20":{"start":{"line":73,"column":24},"end":{"line":73,"column":64}},"21":{"start":{"line":74,"column":12},"end":{"line":74,"column":21}},"22":{"start":{"line":76,"column":8},"end":{"line":76,"column":27}},"23":{"start":{"line":82,"column":8},"end":{"line":82,"column":31}},"24":{"start":{"line":90,"column":12},"end":{"line":90,"column":31}},"25":{"start":{"line":96,"column":12},"end":{"line":96,"column":42}},"26":{"start":{"line":103,"column":12},"end":{"line":103,"column":56}}},"branchMap":{"1":{"line":33,"type":"if","locations":[{"start":{"line":33,"column":8},"end":{"line":33,"column":8}},{"start":{"line":33,"column":8},"end":{"line":33,"column":8}}]},"2":{"line":36,"type":"if","locations":[{"start":{"line":36,"column":8},"end":{"line":36,"column":8}},{"start":{"line":36,"column":8},"end":{"line":36,"column":8}}]},"3":{"line":61,"type":"if","locations":[{"start":{"line":61,"column":8},"end":{"line":61,"column":8}},{"start":{"line":61,"column":8},"end":{"line":61,"column":8}}]}}}}