{
"contracts/Tool.sol":{"l":{"21":1,"25":2,"29":1,"33":12,"35":11,"36":11,"37":11,"38":10,"42":10,"43":10,"44":10,"52":10,"56":2,"65":0,"69":1},"path":"/Users/mburke/Documents/Code/tool-work/contracts/Tool.sol","s":{"1":1,"2":2,"3":1,"4":12,"5":11,"6":11,"7":11,"8":10,"9":10,"10":10,"11":10,"12":10,"13":2,"14":0,"15":1},"b":{"1":[11,1]},"f":{"1":18,"2":1,"3":2,"4":1,"5":12,"6":10,"7":10,"8":2,"9":0,"10":1},"fnMap":{"1":{"name":"constructor","line":18,"loc":{"start":{"line":18,"column":2},"end":{"line":18,"column":40}}},"2":{"name":"_baseURI","line":20,"loc":{"start":{"line":20,"column":2},"end":{"line":22,"column":2}}},"3":{"name":"pause","line":24,"loc":{"start":{"line":24,"column":2},"end":{"line":26,"column":2}}},"4":{"name":"unpause","line":28,"loc":{"start":{"line":28,"column":2},"end":{"line":30,"column":2}}},"5":{"name":"safeMint","line":32,"loc":{"start":{"line":32,"column":2},"end":{"line":39,"column":2}}},"6":{"name":"appendJsonSuffix","line":41,"loc":{"start":{"line":41,"column":2},"end":{"line":45,"column":2}}},"7":{"name":"_beforeTokenTransfer","line":49,"loc":{"start":{"line":47,"column":2},"end":{"line":53,"column":2}}},"8":{"name":"getNumMintedTokens","line":55,"loc":{"start":{"line":55,"column":2},"end":{"line":57,"column":2}}},"9":{"name":"_burn","line":63,"loc":{"start":{"line":63,"column":2},"end":{"line":66,"column":2}}},"10":{"name":"tokenURI","line":68,"loc":{"start":{"line":68,"column":2},"end":{"line":70,"column":2}}}},"statementMap":{"1":{"start":{"line":21,"column":4},"end":{"line":21,"column":67}},"2":{"start":{"line":25,"column":4},"end":{"line":25,"column":11}},"3":{"start":{"line":29,"column":4},"end":{"line":29,"column":13}},"4":{"start":{"line":33,"column":4},"end":{"line":33,"column":107}},"5":{"start":{"line":35,"column":4},"end":{"line":35,"column":30}},"6":{"start":{"line":36,"column":4},"end":{"line":36,"column":47}},"7":{"start":{"line":37,"column":4},"end":{"line":37,"column":25}},"8":{"start":{"line":38,"column":4},"end":{"line":38,"column":28}},"9":{"start":{"line":42,"column":4},"end":{"line":42,"column":56}},"10":{"start":{"line":43,"column":4},"end":{"line":43,"column":72}},"11":{"start":{"line":44,"column":4},"end":{"line":44,"column":32}},"12":{"start":{"line":52,"column":4},"end":{"line":52,"column":48}},"13":{"start":{"line":56,"column":4},"end":{"line":56,"column":36}},"14":{"start":{"line":65,"column":4},"end":{"line":65,"column":23}},"15":{"start":{"line":69,"column":4},"end":{"line":69,"column":34}}},"branchMap":{"1":{"line":33,"type":"if","locations":[{"start":{"line":33,"column":4},"end":{"line":33,"column":4}},{"start":{"line":33,"column":4},"end":{"line":33,"column":4}}]}}}}
