TN:
SF:/Users/mburke/Documents/Code/tool-work/contracts/Tool.sol
FN:18,constructor
FN:20,_baseURI
FN:24,pause
FN:28,unpause
FN:32,safeMint
FN:41,appendJsonSuffix
FN:49,_beforeTokenTransfer
FN:55,getNumMintedTokens
FN:63,_burn
FN:68,tokenURI
FNF:10
FNH:9
FNDA:18,constructor
FNDA:1,_baseURI
FNDA:2,pause
FNDA:1,unpause
FNDA:12,safeMint
FNDA:10,appendJsonSuffix
FNDA:10,_beforeTokenTransfer
FNDA:2,getNumMintedTokens
FNDA:0,_burn
FNDA:1,tokenURI
DA:21,1
DA:25,2
DA:29,1
DA:33,12
DA:35,11
DA:36,11
DA:37,11
DA:38,10
DA:42,10
DA:43,10
DA:44,10
DA:52,10
DA:56,2
DA:65,0
DA:69,1
LF:15
LH:14
BRDA:33,1,0,11
BRDA:33,1,1,1
BRF:2
BRH:2
end_of_record
